<?xml version="1.0" encoding="UTF-8"?>
<!-- Generated by org.testng.reporters.JUnitReportReporter -->
<testsuite hostname="IMPC1621" failures="0" tests="1" name="HTC.POC.SampleTestCase" time="6.062" errors="0" timestamp="20 Apr 2018 11:34:57 GMT" skipped="0">
  <testcase classname="HTC.POC.SampleTestCase" name="f" time="6.062"/>
</testsuite> <!-- HTC.POC.SampleTestCase -->
